{"/Users/albertonunez/Documents/Windsurf/BurnBar/functions/src/health.ts": {"path":"/Users/albertonunez/Documents/Windsurf/BurnBar/functions/src/health.ts","all":true,"statementMap":{"12":{"start":{"line":13,"column":0},"end":{"line":13,"column":56}},"13":{"start":{"line":14,"column":0},"end":{"line":14,"column":56}},"14":{"start":{"line":15,"column":0},"end":{"line":15,"column":49}},"16":{"start":{"line":17,"column":0},"end":{"line":17,"column":67}},"23":{"start":{"line":24,"column":0},"end":{"line":24,"column":66}},"24":{"start":{"line":25,"column":0},"end":{"line":25,"column":29}},"25":{"start":{"line":26,"column":0},"end":{"line":26,"column":55}},"27":{"start":{"line":28,"column":0},"end":{"line":28,"column":60}},"28":{"start":{"line":29,"column":0},"end":{"line":29,"column":109}},"29":{"start":{"line":30,"column":0},"end":{"line":30,"column":5}},"31":{"start":{"line":32,"column":0},"end":{"line":32,"column":7}},"32":{"start":{"line":33,"column":0},"end":{"line":33,"column":30}},"33":{"start":{"line":34,"column":0},"end":{"line":34,"column":86}},"34":{"start":{"line":35,"column":0},"end":{"line":35,"column":32}},"35":{"start":{"line":36,"column":0},"end":{"line":36,"column":13}},"36":{"start":{"line":37,"column":0},"end":{"line":37,"column":49}},"37":{"start":{"line":38,"column":0},"end":{"line":38,"column":3}},"38":{"start":{"line":39,"column":0},"end":{"line":39,"column":1}},"41":{"start":{"line":42,"column":0},"end":{"line":42,"column":111}},"42":{"start":{"line":43,"column":0},"end":{"line":43,"column":81}},"43":{"start":{"line":44,"column":0},"end":{"line":44,"column":3}},"49":{"start":{"line":50,"column":0},"end":{"line":50,"column":118}},"50":{"start":{"line":51,"column":0},"end":{"line":51,"column":7}},"51":{"start":{"line":52,"column":0},"end":{"line":52,"column":45}},"52":{"start":{"line":53,"column":0},"end":{"line":53,"column":65}},"53":{"start":{"line":54,"column":0},"end":{"line":54,"column":26}},"54":{"start":{"line":55,"column":0},"end":{"line":55,"column":22}},"55":{"start":{"line":56,"column":0},"end":{"line":56,"column":42}},"56":{"start":{"line":57,"column":0},"end":{"line":57,"column":32}},"57":{"start":{"line":58,"column":0},"end":{"line":58,"column":28}},"58":{"start":{"line":59,"column":0},"end":{"line":59,"column":34}},"59":{"start":{"line":60,"column":0},"end":{"line":60,"column":7}},"60":{"start":{"line":61,"column":0},"end":{"line":61,"column":19}},"61":{"start":{"line":62,"column":0},"end":{"line":62,"column":69}},"62":{"start":{"line":63,"column":0},"end":{"line":63,"column":26}},"63":{"start":{"line":64,"column":0},"end":{"line":64,"column":25}},"64":{"start":{"line":65,"column":0},"end":{"line":65,"column":42}},"65":{"start":{"line":66,"column":0},"end":{"line":66,"column":32}},"66":{"start":{"line":67,"column":0},"end":{"line":67,"column":37}},"67":{"start":{"line":68,"column":0},"end":{"line":68,"column":51}},"68":{"start":{"line":69,"column":0},"end":{"line":69,"column":7}},"69":{"start":{"line":70,"column":0},"end":{"line":70,"column":3}},"70":{"start":{"line":71,"column":0},"end":{"line":71,"column":3}},"76":{"start":{"line":77,"column":0},"end":{"line":77,"column":118}},"77":{"start":{"line":78,"column":0},"end":{"line":78,"column":45}},"78":{"start":{"line":79,"column":0},"end":{"line":79,"column":20}},"80":{"start":{"line":81,"column":0},"end":{"line":81,"column":7}},"81":{"start":{"line":82,"column":0},"end":{"line":82,"column":39}},"82":{"start":{"line":83,"column":0},"end":{"line":83,"column":11}},"83":{"start":{"line":84,"column":0},"end":{"line":84,"column":30}},"84":{"start":{"line":85,"column":0},"end":{"line":85,"column":3}},"86":{"start":{"line":87,"column":0},"end":{"line":87,"column":46}},"88":{"start":{"line":89,"column":0},"end":{"line":89,"column":11}},"89":{"start":{"line":90,"column":0},"end":{"line":90,"column":26}},"90":{"start":{"line":91,"column":0},"end":{"line":91,"column":31}},"91":{"start":{"line":92,"column":0},"end":{"line":92,"column":26}},"92":{"start":{"line":93,"column":0},"end":{"line":93,"column":24}},"93":{"start":{"line":94,"column":0},"end":{"line":94,"column":5}},"95":{"start":{"line":96,"column":0},"end":{"line":96,"column":43}},"96":{"start":{"line":97,"column":0},"end":{"line":97,"column":43}},"97":{"start":{"line":98,"column":0},"end":{"line":98,"column":40}},"98":{"start":{"line":99,"column":0},"end":{"line":99,"column":30}},"99":{"start":{"line":100,"column":0},"end":{"line":100,"column":51}},"100":{"start":{"line":101,"column":0},"end":{"line":101,"column":43}},"101":{"start":{"line":102,"column":0},"end":{"line":102,"column":52}},"102":{"start":{"line":103,"column":0},"end":{"line":103,"column":5}},"103":{"start":{"line":104,"column":0},"end":{"line":104,"column":3}}},"s":{"12":0,"13":0,"14":0,"16":0,"23":0,"24":0,"25":0,"27":0,"28":0,"29":0,"31":0,"32":0,"33":0,"34":0,"35":0,"36":0,"37":0,"38":0,"41":0,"42":0,"43":0,"49":0,"50":0,"51":0,"52":0,"53":0,"54":0,"55":0,"56":0,"57":0,"58":0,"59":0,"60":0,"61":0,"62":0,"63":0,"64":0,"65":0,"66":0,"67":0,"68":0,"69":0,"70":0,"76":0,"77":0,"78":0,"80":0,"81":0,"82":0,"83":0,"84":0,"86":0,"88":0,"89":0,"90":0,"91":0,"92":0,"93":0,"95":0,"96":0,"97":0,"98":0,"99":0,"100":0,"101":0,"102":0,"103":0},"branchMap":{"0":{"type":"branch","line":1,"loc":{"start":{"line":1,"column":3584},"end":{"line":104,"column":3}},"locations":[{"start":{"line":1,"column":3584},"end":{"line":104,"column":3}}]}},"b":{"0":[1]},"fnMap":{"0":{"name":"(empty-report)","decl":{"start":{"line":1,"column":3584},"end":{"line":104,"column":3}},"loc":{"start":{"line":1,"column":3584},"end":{"line":104,"column":3}},"line":1}},"f":{"0":1}}
,"/Users/albertonunez/Documents/Windsurf/BurnBar/functions/src/logging.ts": {"path":"/Users/albertonunez/Documents/Windsurf/BurnBar/functions/src/logging.ts","all":false,"statementMap":{"11":{"start":{"line":12,"column":0},"end":{"line":12,"column":41}},"15":{"start":{"line":16,"column":0},"end":{"line":16,"column":49}},"17":{"start":{"line":18,"column":0},"end":{"line":18,"column":67}},"19":{"start":{"line":20,"column":0},"end":{"line":20,"column":41}},"22":{"start":{"line":23,"column":0},"end":{"line":23,"column":67}},"24":{"start":{"line":25,"column":0},"end":{"line":25,"column":61}},"28":{"start":{"line":29,"column":0},"end":{"line":29,"column":2}},"30":{"start":{"line":31,"column":0},"end":{"line":31,"column":30}},"33":{"start":{"line":34,"column":0},"end":{"line":34,"column":45}},"34":{"start":{"line":35,"column":0},"end":{"line":35,"column":21}},"35":{"start":{"line":36,"column":0},"end":{"line":36,"column":41}},"36":{"start":{"line":37,"column":0},"end":{"line":37,"column":66}},"37":{"start":{"line":38,"column":0},"end":{"line":38,"column":3}},"38":{"start":{"line":39,"column":0},"end":{"line":39,"column":56}},"39":{"start":{"line":40,"column":0},"end":{"line":40,"column":50}},"40":{"start":{"line":41,"column":0},"end":{"line":41,"column":3}},"41":{"start":{"line":42,"column":0},"end":{"line":42,"column":16}},"42":{"start":{"line":43,"column":0},"end":{"line":43,"column":1}},"45":{"start":{"line":46,"column":0},"end":{"line":46,"column":77}},"46":{"start":{"line":47,"column":0},"end":{"line":47,"column":47}},"47":{"start":{"line":48,"column":0},"end":{"line":48,"column":51}},"48":{"start":{"line":49,"column":0},"end":{"line":49,"column":36}},"50":{"start":{"line":51,"column":0},"end":{"line":51,"column":67}},"51":{"start":{"line":52,"column":0},"end":{"line":52,"column":75}},"52":{"start":{"line":53,"column":0},"end":{"line":53,"column":14}},"53":{"start":{"line":54,"column":0},"end":{"line":54,"column":43}},"54":{"start":{"line":55,"column":0},"end":{"line":55,"column":7}},"55":{"start":{"line":56,"column":0},"end":{"line":56,"column":86}},"56":{"start":{"line":57,"column":0},"end":{"line":57,"column":68}},"57":{"start":{"line":58,"column":0},"end":{"line":58,"column":12}},"58":{"start":{"line":59,"column":0},"end":{"line":59,"column":28}},"59":{"start":{"line":60,"column":0},"end":{"line":60,"column":5}},"60":{"start":{"line":61,"column":0},"end":{"line":61,"column":3}},"61":{"start":{"line":62,"column":0},"end":{"line":62,"column":18}},"62":{"start":{"line":63,"column":0},"end":{"line":63,"column":1}},"72":{"start":{"line":73,"column":0},"end":{"line":73,"column":50}},"73":{"start":{"line":74,"column":0},"end":{"line":74,"column":31}},"74":{"start":{"line":75,"column":0},"end":{"line":75,"column":21}},"75":{"start":{"line":76,"column":0},"end":{"line":76,"column":46}},"76":{"start":{"line":77,"column":0},"end":{"line":77,"column":14}},"77":{"start":{"line":78,"column":0},"end":{"line":78,"column":5}},"78":{"start":{"line":79,"column":0},"end":{"line":79,"column":39}},"79":{"start":{"line":80,"column":0},"end":{"line":80,"column":1}},"81":{"start":{"line":82,"column":0},"end":{"line":82,"column":72}},"82":{"start":{"line":83,"column":0},"end":{"line":83,"column":31}},"83":{"start":{"line":84,"column":0},"end":{"line":84,"column":22}},"84":{"start":{"line":85,"column":0},"end":{"line":85,"column":46}},"85":{"start":{"line":86,"column":0},"end":{"line":86,"column":14}},"86":{"start":{"line":87,"column":0},"end":{"line":87,"column":5}},"87":{"start":{"line":88,"column":0},"end":{"line":88,"column":41}},"88":{"start":{"line":89,"column":0},"end":{"line":89,"column":1}},"90":{"start":{"line":91,"column":0},"end":{"line":91,"column":50}},"91":{"start":{"line":92,"column":0},"end":{"line":92,"column":31}},"92":{"start":{"line":93,"column":0},"end":{"line":93,"column":24}},"93":{"start":{"line":94,"column":0},"end":{"line":94,"column":46}},"94":{"start":{"line":95,"column":0},"end":{"line":95,"column":14}},"95":{"start":{"line":96,"column":0},"end":{"line":96,"column":5}},"96":{"start":{"line":97,"column":0},"end":{"line":97,"column":40}},"97":{"start":{"line":98,"column":0},"end":{"line":98,"column":1}},"99":{"start":{"line":100,"column":0},"end":{"line":100,"column":117}},"100":{"start":{"line":101,"column":0},"end":{"line":101,"column":46}},"101":{"start":{"line":102,"column":0},"end":{"line":102,"column":81}},"102":{"start":{"line":103,"column":0},"end":{"line":103,"column":67}},"103":{"start":{"line":104,"column":0},"end":{"line":104,"column":58}},"104":{"start":{"line":105,"column":0},"end":{"line":105,"column":3}},"105":{"start":{"line":106,"column":0},"end":{"line":106,"column":22}},"106":{"start":{"line":107,"column":0},"end":{"line":107,"column":1}},"108":{"start":{"line":109,"column":0},"end":{"line":109,"column":85}},"109":{"start":{"line":110,"column":0},"end":{"line":110,"column":11}},"110":{"start":{"line":111,"column":0},"end":{"line":111,"column":28}},"111":{"start":{"line":112,"column":0},"end":{"line":112,"column":19}},"112":{"start":{"line":113,"column":0},"end":{"line":113,"column":22}},"113":{"start":{"line":114,"column":0},"end":{"line":114,"column":35}},"114":{"start":{"line":115,"column":0},"end":{"line":115,"column":5}},"115":{"start":{"line":116,"column":0},"end":{"line":116,"column":1}},"117":{"start":{"line":118,"column":0},"end":{"line":118,"column":87}},"118":{"start":{"line":119,"column":0},"end":{"line":119,"column":11}},"119":{"start":{"line":120,"column":0},"end":{"line":120,"column":30}},"120":{"start":{"line":121,"column":0},"end":{"line":121,"column":19}},"121":{"start":{"line":122,"column":0},"end":{"line":122,"column":22}},"122":{"start":{"line":123,"column":0},"end":{"line":123,"column":35}},"123":{"start":{"line":124,"column":0},"end":{"line":124,"column":5}},"124":{"start":{"line":125,"column":0},"end":{"line":125,"column":1}},"126":{"start":{"line":127,"column":0},"end":{"line":127,"column":103}},"127":{"start":{"line":128,"column":0},"end":{"line":128,"column":12}},"128":{"start":{"line":129,"column":0},"end":{"line":129,"column":28}},"129":{"start":{"line":130,"column":0},"end":{"line":130,"column":19}},"130":{"start":{"line":131,"column":0},"end":{"line":131,"column":22}},"131":{"start":{"line":132,"column":0},"end":{"line":132,"column":35}},"132":{"start":{"line":133,"column":0},"end":{"line":133,"column":25}},"133":{"start":{"line":134,"column":0},"end":{"line":134,"column":5}},"134":{"start":{"line":135,"column":0},"end":{"line":135,"column":1}},"136":{"start":{"line":137,"column":0},"end":{"line":137,"column":45}},"137":{"start":{"line":138,"column":0},"end":{"line":138,"column":15}},"138":{"start":{"line":139,"column":0},"end":{"line":139,"column":66}},"139":{"start":{"line":140,"column":0},"end":{"line":140,"column":26}},"140":{"start":{"line":141,"column":0},"end":{"line":141,"column":43}},"141":{"start":{"line":142,"column":0},"end":{"line":142,"column":15}},"142":{"start":{"line":143,"column":0},"end":{"line":143,"column":54}},"143":{"start":{"line":144,"column":0},"end":{"line":144,"column":39}},"144":{"start":{"line":145,"column":0},"end":{"line":145,"column":7}},"145":{"start":{"line":146,"column":0},"end":{"line":146,"column":42}},"146":{"start":{"line":147,"column":0},"end":{"line":147,"column":43}},"147":{"start":{"line":148,"column":0},"end":{"line":148,"column":18}},"148":{"start":{"line":149,"column":0},"end":{"line":149,"column":19}},"149":{"start":{"line":150,"column":0},"end":{"line":150,"column":50}},"150":{"start":{"line":151,"column":0},"end":{"line":151,"column":16}},"151":{"start":{"line":152,"column":0},"end":{"line":152,"column":3}},"152":{"start":{"line":153,"column":0},"end":{"line":153,"column":1}},"158":{"start":{"line":159,"column":0},"end":{"line":159,"column":40}},"159":{"start":{"line":160,"column":0},"end":{"line":160,"column":15}},"160":{"start":{"line":161,"column":0},"end":{"line":161,"column":116}},"161":{"start":{"line":162,"column":0},"end":{"line":162,"column":109}},"162":{"start":{"line":163,"column":0},"end":{"line":163,"column":112}},"163":{"start":{"line":164,"column":0},"end":{"line":164,"column":1}},"169":{"start":{"line":170,"column":0},"end":{"line":170,"column":45}},"170":{"start":{"line":171,"column":0},"end":{"line":171,"column":15}},"171":{"start":{"line":172,"column":0},"end":{"line":172,"column":58}},"172":{"start":{"line":173,"column":0},"end":{"line":173,"column":51}},"173":{"start":{"line":174,"column":0},"end":{"line":174,"column":52}},"174":{"start":{"line":175,"column":0},"end":{"line":175,"column":34}},"175":{"start":{"line":176,"column":0},"end":{"line":176,"column":75}},"176":{"start":{"line":177,"column":0},"end":{"line":177,"column":4}},"177":{"start":{"line":178,"column":0},"end":{"line":178,"column":1}}},"s":{"11":1,"15":1,"17":1,"19":1,"22":1,"24":1,"28":1,"30":1,"33":140,"34":140,"35":140,"36":1,"37":1,"38":140,"39":560,"40":560,"41":140,"42":140,"45":36,"46":36,"47":36,"48":148,"50":143,"51":3,"52":143,"53":140,"54":140,"55":148,"56":0,"57":5,"58":5,"59":5,"60":148,"61":36,"62":36,"72":1,"73":31,"74":31,"75":31,"76":31,"77":31,"78":31,"79":31,"81":1,"82":3,"83":3,"84":3,"85":3,"86":3,"87":3,"88":3,"90":1,"91":2,"92":2,"93":2,"94":2,"95":2,"96":2,"97":2,"99":1,"100":6,"101":6,"102":6,"103":2,"104":2,"105":4,"106":4,"108":1,"109":3,"110":3,"111":3,"112":3,"113":3,"114":3,"115":3,"117":1,"118":2,"119":2,"120":2,"121":2,"122":2,"123":2,"124":2,"126":1,"127":2,"128":2,"129":2,"130":2,"131":2,"132":2,"133":2,"134":2,"136":2,"137":2,"138":2,"139":2,"140":2,"141":2,"142":2,"143":2,"144":2,"145":2,"146":1,"147":1,"148":1,"149":1,"150":1,"151":1,"152":2,"158":1,"159":0,"160":0,"161":0,"162":0,"163":0,"169":1,"170":0,"171":0,"172":0,"173":0,"174":0,"175":0,"176":0,"177":0},"branchMap":{"0":{"type":"branch","line":34,"loc":{"start":{"line":34,"column":0},"end":{"line":43,"column":1}},"locations":[{"start":{"line":34,"column":0},"end":{"line":43,"column":1}}]},"1":{"type":"branch","line":36,"loc":{"start":{"line":36,"column":40},"end":{"line":38,"column":3}},"locations":[{"start":{"line":36,"column":40},"end":{"line":38,"column":3}}]},"2":{"type":"branch","line":39,"loc":{"start":{"line":39,"column":55},"end":{"line":41,"column":3}},"locations":[{"start":{"line":39,"column":55},"end":{"line":41,"column":3}}]},"3":{"type":"branch","line":46,"loc":{"start":{"line":46,"column":0},"end":{"line":63,"column":1}},"locations":[{"start":{"line":46,"column":0},"end":{"line":63,"column":1}}]},"4":{"type":"branch","line":48,"loc":{"start":{"line":48,"column":50},"end":{"line":61,"column":3}},"locations":[{"start":{"line":48,"column":50},"end":{"line":61,"column":3}}]},"5":{"type":"branch","line":49,"loc":{"start":{"line":49,"column":35},"end":{"line":56,"column":15}},"locations":[{"start":{"line":49,"column":35},"end":{"line":56,"column":15}}]},"6":{"type":"branch","line":51,"loc":{"start":{"line":51,"column":18},"end":{"line":51,"column":47}},"locations":[{"start":{"line":51,"column":18},"end":{"line":51,"column":47}}]},"7":{"type":"branch","line":51,"loc":{"start":{"line":51,"column":35},"end":{"line":51,"column":66}},"locations":[{"start":{"line":51,"column":35},"end":{"line":51,"column":66}}]},"8":{"type":"branch","line":51,"loc":{"start":{"line":51,"column":66},"end":{"line":53,"column":13}},"locations":[{"start":{"line":51,"column":66},"end":{"line":53,"column":13}}]},"9":{"type":"branch","line":52,"loc":{"start":{"line":52,"column":25},"end":{"line":52,"column":50}},"locations":[{"start":{"line":52,"column":25},"end":{"line":52,"column":50}}]},"10":{"type":"branch","line":52,"loc":{"start":{"line":52,"column":33},"end":{"line":52,"column":53}},"locations":[{"start":{"line":52,"column":33},"end":{"line":52,"column":53}}]},"11":{"type":"branch","line":53,"loc":{"start":{"line":53,"column":6},"end":{"line":55,"column":7}},"locations":[{"start":{"line":53,"column":6},"end":{"line":55,"column":7}}]},"12":{"type":"branch","line":56,"loc":{"start":{"line":56,"column":4},"end":{"line":60,"column":5}},"locations":[{"start":{"line":56,"column":4},"end":{"line":60,"column":5}}]},"13":{"type":"branch","line":56,"loc":{"start":{"line":56,"column":32},"end":{"line":56,"column":62}},"locations":[{"start":{"line":56,"column":32},"end":{"line":56,"column":62}}]},"14":{"type":"branch","line":56,"loc":{"start":{"line":56,"column":54},"end":{"line":56,"column":85}},"locations":[{"start":{"line":56,"column":54},"end":{"line":56,"column":85}}]},"15":{"type":"branch","line":56,"loc":{"start":{"line":56,"column":85},"end":{"line":58,"column":11}},"locations":[{"start":{"line":56,"column":85},"end":{"line":58,"column":11}}]},"16":{"type":"branch","line":73,"loc":{"start":{"line":73,"column":7},"end":{"line":80,"column":1}},"locations":[{"start":{"line":73,"column":7},"end":{"line":80,"column":1}}]},"17":{"type":"branch","line":76,"loc":{"start":{"line":76,"column":21},"end":{"line":76,"column":46}},"locations":[{"start":{"line":76,"column":21},"end":{"line":76,"column":46}}]},"18":{"type":"branch","line":82,"loc":{"start":{"line":82,"column":7},"end":{"line":89,"column":1}},"locations":[{"start":{"line":82,"column":7},"end":{"line":89,"column":1}}]},"19":{"type":"branch","line":85,"loc":{"start":{"line":85,"column":21},"end":{"line":85,"column":46}},"locations":[{"start":{"line":85,"column":21},"end":{"line":85,"column":46}}]},"20":{"type":"branch","line":91,"loc":{"start":{"line":91,"column":7},"end":{"line":98,"column":1}},"locations":[{"start":{"line":91,"column":7},"end":{"line":98,"column":1}}]},"21":{"type":"branch","line":100,"loc":{"start":{"line":100,"column":7},"end":{"line":107,"column":1}},"locations":[{"start":{"line":100,"column":7},"end":{"line":107,"column":1}}]},"22":{"type":"branch","line":101,"loc":{"start":{"line":101,"column":26},"end":{"line":101,"column":46}},"locations":[{"start":{"line":101,"column":26},"end":{"line":101,"column":46}}]},"23":{"type":"branch","line":102,"loc":{"start":{"line":102,"column":19},"end":{"line":102,"column":57}},"locations":[{"start":{"line":102,"column":19},"end":{"line":102,"column":57}}]},"24":{"type":"branch","line":102,"loc":{"start":{"line":102,"column":52},"end":{"line":102,"column":81}},"locations":[{"start":{"line":102,"column":52},"end":{"line":102,"column":81}}]},"25":{"type":"branch","line":102,"loc":{"start":{"line":102,"column":57},"end":{"line":102,"column":81}},"locations":[{"start":{"line":102,"column":57},"end":{"line":102,"column":81}}]},"26":{"type":"branch","line":103,"loc":{"start":{"line":103,"column":26},"end":{"line":103,"column":66}},"locations":[{"start":{"line":103,"column":26},"end":{"line":103,"column":66}}]},"27":{"type":"branch","line":103,"loc":{"start":{"line":103,"column":66},"end":{"line":105,"column":3}},"locations":[{"start":{"line":103,"column":66},"end":{"line":105,"column":3}}]},"28":{"type":"branch","line":104,"loc":{"start":{"line":104,"column":40},"end":{"line":104,"column":58}},"locations":[{"start":{"line":104,"column":40},"end":{"line":104,"column":58}}]},"29":{"type":"branch","line":105,"loc":{"start":{"line":105,"column":2},"end":{"line":107,"column":1}},"locations":[{"start":{"line":105,"column":2},"end":{"line":107,"column":1}}]},"30":{"type":"branch","line":109,"loc":{"start":{"line":109,"column":7},"end":{"line":116,"column":1}},"locations":[{"start":{"line":109,"column":7},"end":{"line":116,"column":1}}]},"31":{"type":"branch","line":114,"loc":{"start":{"line":114,"column":18},"end":{"line":114,"column":29}},"locations":[{"start":{"line":114,"column":18},"end":{"line":114,"column":29}}]},"32":{"type":"branch","line":118,"loc":{"start":{"line":118,"column":7},"end":{"line":125,"column":1}},"locations":[{"start":{"line":118,"column":7},"end":{"line":125,"column":1}}]},"33":{"type":"branch","line":123,"loc":{"start":{"line":123,"column":18},"end":{"line":123,"column":29}},"locations":[{"start":{"line":123,"column":18},"end":{"line":123,"column":29}}]},"34":{"type":"branch","line":127,"loc":{"start":{"line":127,"column":7},"end":{"line":135,"column":1}},"locations":[{"start":{"line":127,"column":7},"end":{"line":135,"column":1}}]},"35":{"type":"branch","line":137,"loc":{"start":{"line":137,"column":0},"end":{"line":153,"column":1}},"locations":[{"start":{"line":137,"column":0},"end":{"line":153,"column":1}}]},"36":{"type":"branch","line":146,"loc":{"start":{"line":146,"column":40},"end":{"line":152,"column":3}},"locations":[{"start":{"line":146,"column":40},"end":{"line":152,"column":3}}]}},"b":{"0":[140],"1":[1],"2":[560],"3":[36],"4":[148],"5":[143],"6":[141],"7":[140],"8":[3],"9":[2],"10":[1],"11":[140],"12":[5],"13":[0],"14":[0],"15":[0],"16":[31],"17":[25],"18":[3],"19":[1],"20":[2],"21":[6],"22":[3],"23":[3],"24":[5],"25":[2],"26":[2],"27":[2],"28":[0],"29":[4],"30":[3],"31":[2],"32":[2],"33":[1],"34":[2],"35":[2],"36":[1]},"fnMap":{"0":{"name":"scrubString","decl":{"start":{"line":34,"column":0},"end":{"line":43,"column":1}},"loc":{"start":{"line":34,"column":0},"end":{"line":43,"column":1}},"line":34},"1":{"name":"scrubFields","decl":{"start":{"line":46,"column":0},"end":{"line":63,"column":1}},"loc":{"start":{"line":46,"column":0},"end":{"line":63,"column":1}},"line":46},"2":{"name":"logInfo","decl":{"start":{"line":73,"column":7},"end":{"line":80,"column":1}},"loc":{"start":{"line":73,"column":7},"end":{"line":80,"column":1}},"line":73},"3":{"name":"logError","decl":{"start":{"line":82,"column":7},"end":{"line":89,"column":1}},"loc":{"start":{"line":82,"column":7},"end":{"line":89,"column":1}},"line":82},"4":{"name":"logWarn","decl":{"start":{"line":91,"column":7},"end":{"line":98,"column":1}},"loc":{"start":{"line":91,"column":7},"end":{"line":98,"column":1}},"line":91},"5":{"name":"traceIdFromCallableRequest","decl":{"start":{"line":100,"column":7},"end":{"line":107,"column":1}},"loc":{"start":{"line":100,"column":7},"end":{"line":107,"column":1}},"line":100},"6":{"name":"logCallableStart","decl":{"start":{"line":109,"column":7},"end":{"line":116,"column":1}},"loc":{"start":{"line":109,"column":7},"end":{"line":116,"column":1}},"line":109},"7":{"name":"logCallableSuccess","decl":{"start":{"line":118,"column":7},"end":{"line":125,"column":1}},"loc":{"start":{"line":118,"column":7},"end":{"line":125,"column":1}},"line":118},"8":{"name":"logCallableFailure","decl":{"start":{"line":127,"column":7},"end":{"line":135,"column":1}},"loc":{"start":{"line":127,"column":7},"end":{"line":135,"column":1}},"line":127},"9":{"name":"withCallableLogging","decl":{"start":{"line":137,"column":0},"end":{"line":153,"column":1}},"loc":{"start":{"line":137,"column":0},"end":{"line":153,"column":1}},"line":137},"10":{"name":"onCallWithLogging","decl":{"start":{"line":159,"column":7},"end":{"line":164,"column":1}},"loc":{"start":{"line":159,"column":7},"end":{"line":164,"column":1}},"line":159},"11":{"name":"wrapCallableHandler","decl":{"start":{"line":170,"column":7},"end":{"line":178,"column":1}},"loc":{"start":{"line":170,"column":7},"end":{"line":178,"column":1}},"line":170}},"f":{"0":140,"1":36,"2":31,"3":3,"4":2,"5":6,"6":3,"7":2,"8":2,"9":2,"10":0,"11":0}}
}
