<?xml version="1.0" encoding="utf-8"?>
<TestRun id="acfe6162-0146-470d-b2d8-0a08c2a53226" name="runneradmin@runnervm3zg5j 2026-07-10 02:56:07" runUser="runnervm3zg5j\runneradmin" xmlns="http://microsoft.com/schemas/VisualStudio/TeamTest/2010">
  <Times creation="2026-07-10T02:56:07.8096069+00:00" queuing="2026-07-10T02:56:07.8096072+00:00" start="2026-07-10T02:56:03.8851112+00:00" finish="2026-07-10T02:56:29.7004995+00:00" />
  <TestSettings name="default" id="73078bab-c2af-43d1-a3fb-bd5b1a420332">
    <Deployment runDeploymentRoot="runneradmin_runnervm3zg5j_2026-07-10_02_56_07" />
  </TestSettings>
  <Results>
    <UnitTestResult executionId="c9ce63c9-4054-4794-a2b4-e1bc312af299" testId="7879056b-0618-5a19-ebad-f5ae3c0744ba" testName="OpenBurnBar.App.Storage.Tests.WindowsStorageDevHostRuntimeTests.WrongKey_ProducesDistinctRecoveryState_WithRetryArchiveResetAndRevealLog" computerName="runnervm3zg5j" duration="00:00:01.2072852" startTime="2026-07-10T02:56:10.3416297+00:00" endTime="2026-07-10T02:56:10.3416300+00:00" testType="13cdc9d9-ddb5-4fa4-a97d-d965ccfc6d4b" outcome="Passed" testListId="8c84fa94-04c1-424b-9868-57a2d4851a1d" relativeResultsDirectory="c9ce63c9-4054-4794-a2b4-e1bc312af299" />
    <UnitTestResult executionId="98d1b50f-4dc0-443b-8fb5-333a459f5833" testId="052ef505-10d8-cabd-3427-a066a704a9ec" testName="OpenBurnBar.App.Storage.Tests.WindowsStorageDevHostRuntimeTests.InterruptedMigration_StaysRecoveryUntilExplicitRetry" computerName="runnervm3zg5j" duration="00:00:01.1430126" startTime="2026-07-10T02:56:17.2035657+00:00" endTime="2026-07-10T02:56:17.2035659+00:00" testType="13cdc9d9-ddb5-4fa4-a97d-d965ccfc6d4b" outcome="Passed" testListId="8c84fa94-04c1-424b-9868-57a2d4851a1d" relativeResultsDirectory="98d1b50f-4dc0-443b-8fb5-333a459f5833" />
    <UnitTestResult executionId="c4e752b6-f45d-4776-8de0-385491284c6f" testId="d6cfddba-995d-c50f-cb0a-ce89007820ac" testName="OpenBurnBar.App.Storage.Tests.WindowsStorageDevHostRuntimeTests.CorruptDatabase_ProducesDistinctRecoveryState_AndArchiveResetCreatesANewValidDatabase" computerName="runnervm3zg5j" duration="00:00:03.1985150" startTime="2026-07-10T02:56:07.7835821+00:00" endTime="2026-07-10T02:56:07.7836044+00:00" testType="13cdc9d9-ddb5-4fa4-a97d-d965ccfc6d4b" outcome="Passed" testListId="8c84fa94-04c1-424b-9868-57a2d4851a1d" relativeResultsDirectory="c4e752b6-f45d-4776-8de0-385491284c6f" />
    <UnitTestResult executionId="c11dd740-8b87-4b91-a0e7-b3c61847db55" testId="1b1c7b40-faa7-eea2-5062-2aa78b243d1f" testName="OpenBurnBar.App.Storage.Tests.WindowsStorageDevHostRuntimeTests.InjectedHostFaults_ProduceDistinctRecoveryStates(fault: AccessDenied, expected: AccessDenied)" computerName="runnervm3zg5j" duration="00:00:00.0079621" startTime="2026-07-10T02:56:09.1196212+00:00" endTime="2026-07-10T02:56:09.1196215+00:00" testType="13cdc9d9-ddb5-4fa4-a97d-d965ccfc6d4b" outcome="Passed" testListId="8c84fa94-04c1-424b-9868-57a2d4851a1d" relativeResultsDirectory="c11dd740-8b87-4b91-a0e7-b3c61847db55" />
    <UnitTestResult executionId="9ed2a38b-0b82-4ec8-b1b3-0fca7dc1f223" testId="f52105a7-5fc3-b631-d0d7-c9f89d66d3ab" testName="OpenBurnBar.App.Storage.Tests.ChatConversationStoreTests.CleanProfile_ProvisionsChatHistoryTables" computerName="runnervm3zg5j" duration="00:00:01.6552535" startTime="2026-07-10T02:56:25.8548214+00:00" endTime="2026-07-10T02:56:25.8548218+00:00" testType="13cdc9d9-ddb5-4fa4-a97d-d965ccfc6d4b" outcome="Passed" testListId="8c84fa94-04c1-424b-9868-57a2d4851a1d" relativeResultsDirectory="9ed2a38b-0b82-4ec8-b1b3-0fca7dc1f223" />
    <UnitTestResult executionId="b27dea10-1377-424c-a059-670f6b862669" testId="a1e1baa0-d758-4523-4d0f-14b40d86c457" testName="OpenBurnBar.App.Storage.Tests.ChatConversationStoreTests.UnavailableStore_LoadMostRecentThreadThrowsTypedFailure" computerName="runnervm3zg5j" duration="00:00:00.0028885" startTime="2026-07-10T02:56:29.6301725+00:00" endTime="2026-07-10T02:56:29.6301727+00:00" testType="13cdc9d9-ddb5-4fa4-a97d-d965ccfc6d4b" outcome="Passed" testListId="8c84fa94-04c1-424b-9868-57a2d4851a1d" relativeResultsDirectory="b27dea10-1377-424c-a059-670f6b862669" />
    <UnitTestResult executionId="5896a393-a077-425c-bd00-9e581ff0b1b4" testId="8602149e-29c9-ebb4-1464-ee3915d3734b" testName="OpenBurnBar.App.Storage.Tests.WindowsStorageDevHostRuntimeTests.GeneratedDatabase_SupportsProductionWriteAndReadSeams" computerName="runnervm3zg5j" duration="00:00:03.2956099" startTime="2026-07-10T02:56:16.0603576+00:00" endTime="2026-07-10T02:56:16.0603580+00:00" testType="13cdc9d9-ddb5-4fa4-a97d-d965ccfc6d4b" outcome="Passed" testListId="8c84fa94-04c1-424b-9868-57a2d4851a1d" relativeResultsDirectory="5896a393-a077-425c-bd00-9e581ff0b1b4" />
    <UnitTestResult executionId="370389cb-d34e-4df6-bbde-989bd341a3a7" testId="e205c667-04f2-7b0f-aa98-4a26674cafaf" testName="OpenBurnBar.App.Storage.Tests.WindowsStorageDevHostRuntimeTests.CleanProfile_Restart_IsIdempotent_AndKeepsTheSameDatabaseAndKey" computerName="runnervm3zg5j" duration="00:00:01.3281607" startTime="2026-07-10T02:56:09.1115555+00:00" endTime="2026-07-10T02:56:09.1115561+00:00" testType="13cdc9d9-ddb5-4fa4-a97d-d965ccfc6d4b" outcome="Passed" testListId="8c84fa94-04c1-424b-9868-57a2d4851a1d" relativeResultsDirectory="370389cb-d34e-4df6-bbde-989bd341a3a7" />
    <UnitTestResult executionId="5dd2f9ce-c67c-4bad-9ca6-806dfa3a2d8f" testId="71f252c9-bf4e-814c-a1de-916f4829a3ab" testName="OpenBurnBar.App.Storage.Tests.ChatConversationStoreTests.ChatSurfaceViewModel_RestartRehydratesDurableThread" computerName="runnervm3zg5j" duration="00:00:03.7573389" startTime="2026-07-10T02:56:29.6123373+00:00" endTime="2026-07-10T02:56:29.6123377+00:00" testType="13cdc9d9-ddb5-4fa4-a97d-d965ccfc6d4b" outcome="Passed" testListId="8c84fa94-04c1-424b-9868-57a2d4851a1d" relativeResultsDirectory="5dd2f9ce-c67c-4bad-9ca6-806dfa3a2d8f" />
    <UnitTestResult executionId="b43d9f9f-57ac-49c3-af07-15ef40b9da69" testId="a4267059-68d1-97f9-ef42-bb7a64334d41" testName="OpenBurnBar.App.Storage.Tests.WindowsStorageDevHostRuntimeTests.UnsupportedSchema_ProducesDistinctRecoveryState_WithoutDowngradingMarker" computerName="runnervm3zg5j" duration="00:00:02.7115382" startTime="2026-07-10T02:56:19.9153195+00:00" endTime="2026-07-10T02:56:19.9153199+00:00" testType="13cdc9d9-ddb5-4fa4-a97d-d965ccfc6d4b" outcome="Passed" testListId="8c84fa94-04c1-424b-9868-57a2d4851a1d" relativeResultsDirectory="b43d9f9f-57ac-49c3-af07-15ef40b9da69" />
    <UnitTestResult executionId="ca488481-9e1a-4d7c-ba3a-a82cce896ba1" testId="623b3e23-de27-26d8-9ce3-82ace88d7286" testName="OpenBurnBar.App.Storage.Tests.WindowsStorageDevHostRuntimeTests.PlaintextSqlCipherEnvironment_DoesNotOverrideInjectedProtectedConfiguration" computerName="runnervm3zg5j" duration="00:00:00.6842684" startTime="2026-07-10T02:56:11.0260529+00:00" endTime="2026-07-10T02:56:11.0260534+00:00" testType="13cdc9d9-ddb5-4fa4-a97d-d965ccfc6d4b" outcome="Passed" testListId="8c84fa94-04c1-424b-9868-57a2d4851a1d" relativeResultsDirectory="ca488481-9e1a-4d7c-ba3a-a82cce896ba1" />
    <UnitTestResult executionId="4d47045c-e47f-430f-abb5-94b2d9b15b40" testId="85303307-daa7-8abe-6d9c-4f0aff47eab7" testName="OpenBurnBar.App.Storage.Tests.ChatConversationStoreTests.MessagesErrorsRetrievalAndAttachments_RoundTripEncryptedAcrossRestart" computerName="runnervm3zg5j" duration="00:00:04.2824239" startTime="2026-07-10T02:56:24.1993928+00:00" endTime="2026-07-10T02:56:24.1993932+00:00" testType="13cdc9d9-ddb5-4fa4-a97d-d965ccfc6d4b" outcome="Passed" testListId="8c84fa94-04c1-424b-9868-57a2d4851a1d" relativeResultsDirectory="4d47045c-e47f-430f-abb5-94b2d9b15b40" />
    <UnitTestResult executionId="8c5d8a6b-6f04-445a-85b0-5e39c6d289b3" testId="5a7ebfbb-ac36-fae0-7db7-ea248307e288" testName="OpenBurnBar.App.Storage.Tests.ChatConversationStoreTests.ChatSurfaceViewModel_InitialLoadFailureShowsDegradedStateInsteadOfEmptyHistory" computerName="runnervm3zg5j" duration="00:00:00.0014961" startTime="2026-07-10T02:56:29.6317424+00:00" endTime="2026-07-10T02:56:29.6317424+00:00" testType="13cdc9d9-ddb5-4fa4-a97d-d965ccfc6d4b" outcome="Passed" testListId="8c84fa94-04c1-424b-9868-57a2d4851a1d" relativeResultsDirectory="8c5d8a6b-6f04-445a-85b0-5e39c6d289b3" />
    <UnitTestResult executionId="5efe437d-97c3-4673-9c9a-bff409517f48" testId="7bdf53ea-aba4-d0e1-eecd-aef8da878532" testName="OpenBurnBar.App.Storage.Tests.ChatConversationStoreTests.AttachmentStager_ImportsPasteDropReferencesAndMarksMissingFiles" computerName="runnervm3zg5j" duration="00:00:00.0145906" startTime="2026-07-10T02:56:29.6271340+00:00" endTime="2026-07-10T02:56:29.6271343+00:00" testType="13cdc9d9-ddb5-4fa4-a97d-d965ccfc6d4b" outcome="Passed" testListId="8c84fa94-04c1-424b-9868-57a2d4851a1d" relativeResultsDirectory="5efe437d-97c3-4673-9c9a-bff409517f48" />
    <UnitTestResult executionId="ccb10e6c-9929-4095-a6ac-10002ab22f47" testId="71e962f5-5d84-8492-be46-cdf83a776fc6" testName="OpenBurnBar.App.Storage.Tests.WindowsStorageDevHostRuntimeTests.InjectedHostFaults_ProduceDistinctRecoveryStates(fault: LockedFile, expected: LockedFile)" computerName="runnervm3zg5j" duration="00:00:00.0074335" startTime="2026-07-10T02:56:09.1271852+00:00" endTime="2026-07-10T02:56:09.1271856+00:00" testType="13cdc9d9-ddb5-4fa4-a97d-d965ccfc6d4b" outcome="Passed" testListId="8c84fa94-04c1-424b-9868-57a2d4851a1d" relativeResultsDirectory="ccb10e6c-9929-4095-a6ac-10002ab22f47" />
    <UnitTestResult executionId="e975d8f6-e3f8-4847-8700-f3e1ee4b6d0b" testId="0be4ecd2-c44a-f054-61ab-c579ed59fff1" testName="OpenBurnBar.App.Storage.Tests.WindowsStorageDevHostRuntimeTests.CleanProfile_ProvisionsEncryptedDatabase_GeneratedProtectedKey_AndMigrationJournal" computerName="runnervm3zg5j" duration="00:00:01.7383375" startTime="2026-07-10T02:56:12.7645652+00:00" endTime="2026-07-10T02:56:12.7645655+00:00" testType="13cdc9d9-ddb5-4fa4-a97d-d965ccfc6d4b" outcome="Passed" testListId="8c84fa94-04c1-424b-9868-57a2d4851a1d" relativeResultsDirectory="e975d8f6-e3f8-4847-8700-f3e1ee4b6d0b" />
    <UnitTestResult executionId="48585615-28e4-4298-95c6-4133c4f94839" testId="003ed277-c614-1301-c41f-f5f8294be850" testName="OpenBurnBar.App.Storage.Tests.WindowsStorageDevHostRuntimeTests.InjectedHostFaults_ProduceDistinctRecoveryStates(fault: FullDisk, expected: FullDisk)" computerName="runnervm3zg5j" duration="00:00:00.0067902" startTime="2026-07-10T02:56:09.1341398+00:00" endTime="2026-07-10T02:56:09.1341403+00:00" testType="13cdc9d9-ddb5-4fa4-a97d-d965ccfc6d4b" outcome="Passed" testListId="8c84fa94-04c1-424b-9868-57a2d4851a1d" relativeResultsDirectory="48585615-28e4-4298-95c6-4133c4f94839" />
  </Results>
  <TestDefinitions>
    <UnitTest name="OpenBurnBar.App.Storage.Tests.WindowsStorageDevHostRuntimeTests.CleanProfile_Restart_IsIdempotent_AndKeepsTheSameDatabaseAndKey" storage="c:\a\burnbar\burnbar\windows\tests\storage\bin\debug\net10.0\openburnbar.app.storage.tests.dll" id="e205c667-04f2-7b0f-aa98-4a26674cafaf">
      <Execution id="370389cb-d34e-4df6-bbde-989bd341a3a7" />
      <TestMethod codeBase="C:\a\BurnBar\BurnBar\windows\tests\storage\bin\Debug\net10.0\OpenBurnBar.App.Storage.Tests.dll" adapterTypeName="executor://xunit/VsTestRunner2/netcoreapp" className="OpenBurnBar.App.Storage.Tests.WindowsStorageDevHostRuntimeTests" name="CleanProfile_Restart_IsIdempotent_AndKeepsTheSameDatabaseAndKey" />
    </UnitTest>
    <UnitTest name="OpenBurnBar.App.Storage.Tests.WindowsStorageDevHostRuntimeTests.InjectedHostFaults_ProduceDistinctRecoveryStates(fault: LockedFile, expected: LockedFile)" storage="c:\a\burnbar\burnbar\windows\tests\storage\bin\debug\net10.0\openburnbar.app.storage.tests.dll" id="71e962f5-5d84-8492-be46-cdf83a776fc6">
      <Execution id="ccb10e6c-9929-4095-a6ac-10002ab22f47" />
      <TestMethod codeBase="C:\a\BurnBar\BurnBar\windows\tests\storage\bin\Debug\net10.0\OpenBurnBar.App.Storage.Tests.dll" adapterTypeName="executor://xunit/VsTestRunner2/netcoreapp" className="OpenBurnBar.App.Storage.Tests.WindowsStorageDevHostRuntimeTests" name="InjectedHostFaults_ProduceDistinctRecoveryStates" />
    </UnitTest>
    <UnitTest name="OpenBurnBar.App.Storage.Tests.WindowsStorageDevHostRuntimeTests.InterruptedMigration_StaysRecoveryUntilExplicitRetry" storage="c:\a\burnbar\burnbar\windows\tests\storage\bin\debug\net10.0\openburnbar.app.storage.tests.dll" id="052ef505-10d8-cabd-3427-a066a704a9ec">
      <Execution id="98d1b50f-4dc0-443b-8fb5-333a459f5833" />
      <TestMethod codeBase="C:\a\BurnBar\BurnBar\windows\tests\storage\bin\Debug\net10.0\OpenBurnBar.App.Storage.Tests.dll" adapterTypeName="executor://xunit/VsTestRunner2/netcoreapp" className="OpenBurnBar.App.Storage.Tests.WindowsStorageDevHostRuntimeTests" name="InterruptedMigration_StaysRecoveryUntilExplicitRetry" />
    </UnitTest>
    <UnitTest name="OpenBurnBar.App.Storage.Tests.WindowsStorageDevHostRuntimeTests.WrongKey_ProducesDistinctRecoveryState_WithRetryArchiveResetAndRevealLog" storage="c:\a\burnbar\burnbar\windows\tests\storage\bin\debug\net10.0\openburnbar.app.storage.tests.dll" id="7879056b-0618-5a19-ebad-f5ae3c0744ba">
      <Execution id="c9ce63c9-4054-4794-a2b4-e1bc312af299" />
      <TestMethod codeBase="C:\a\BurnBar\BurnBar\windows\tests\storage\bin\Debug\net10.0\OpenBurnBar.App.Storage.Tests.dll" adapterTypeName="executor://xunit/VsTestRunner2/netcoreapp" className="OpenBurnBar.App.Storage.Tests.WindowsStorageDevHostRuntimeTests" name="WrongKey_ProducesDistinctRecoveryState_WithRetryArchiveResetAndRevealLog" />
    </UnitTest>
    <UnitTest name="OpenBurnBar.App.Storage.Tests.ChatConversationStoreTests.AttachmentStager_ImportsPasteDropReferencesAndMarksMissingFiles" storage="c:\a\burnbar\burnbar\windows\tests\storage\bin\debug\net10.0\openburnbar.app.storage.tests.dll" id="7bdf53ea-aba4-d0e1-eecd-aef8da878532">
      <Execution id="5efe437d-97c3-4673-9c9a-bff409517f48" />
      <TestMethod codeBase="C:\a\BurnBar\BurnBar\windows\tests\storage\bin\Debug\net10.0\OpenBurnBar.App.Storage.Tests.dll" adapterTypeName="executor://xunit/VsTestRunner2/netcoreapp" className="OpenBurnBar.App.Storage.Tests.ChatConversationStoreTests" name="AttachmentStager_ImportsPasteDropReferencesAndMarksMissingFiles" />
    </UnitTest>
    <UnitTest name="OpenBurnBar.App.Storage.Tests.WindowsStorageDevHostRuntimeTests.InjectedHostFaults_ProduceDistinctRecoveryStates(fault: AccessDenied, expected: AccessDenied)" storage="c:\a\burnbar\burnbar\windows\tests\storage\bin\debug\net10.0\openburnbar.app.storage.tests.dll" id="1b1c7b40-faa7-eea2-5062-2aa78b243d1f">
      <Execution id="c11dd740-8b87-4b91-a0e7-b3c61847db55" />
      <TestMethod codeBase="C:\a\BurnBar\BurnBar\windows\tests\storage\bin\Debug\net10.0\OpenBurnBar.App.Storage.Tests.dll" adapterTypeName="executor://xunit/VsTestRunner2/netcoreapp" className="OpenBurnBar.App.Storage.Tests.WindowsStorageDevHostRuntimeTests" name="InjectedHostFaults_ProduceDistinctRecoveryStates" />
    </UnitTest>
    <UnitTest name="OpenBurnBar.App.Storage.Tests.WindowsStorageDevHostRuntimeTests.InjectedHostFaults_ProduceDistinctRecoveryStates(fault: FullDisk, expected: FullDisk)" storage="c:\a\burnbar\burnbar\windows\tests\storage\bin\debug\net10.0\openburnbar.app.storage.tests.dll" id="003ed277-c614-1301-c41f-f5f8294be850">
      <Execution id="48585615-28e4-4298-95c6-4133c4f94839" />
      <TestMethod codeBase="C:\a\BurnBar\BurnBar\windows\tests\storage\bin\Debug\net10.0\OpenBurnBar.App.Storage.Tests.dll" adapterTypeName="executor://xunit/VsTestRunner2/netcoreapp" className="OpenBurnBar.App.Storage.Tests.WindowsStorageDevHostRuntimeTests" name="InjectedHostFaults_ProduceDistinctRecoveryStates" />
    </UnitTest>
    <UnitTest name="OpenBurnBar.App.Storage.Tests.WindowsStorageDevHostRuntimeTests.CleanProfile_ProvisionsEncryptedDatabase_GeneratedProtectedKey_AndMigrationJournal" storage="c:\a\burnbar\burnbar\windows\tests\storage\bin\debug\net10.0\openburnbar.app.storage.tests.dll" id="0be4ecd2-c44a-f054-61ab-c579ed59fff1">
      <Execution id="e975d8f6-e3f8-4847-8700-f3e1ee4b6d0b" />
      <TestMethod codeBase="C:\a\BurnBar\BurnBar\windows\tests\storage\bin\Debug\net10.0\OpenBurnBar.App.Storage.Tests.dll" adapterTypeName="executor://xunit/VsTestRunner2/netcoreapp" className="OpenBurnBar.App.Storage.Tests.WindowsStorageDevHostRuntimeTests" name="CleanProfile_ProvisionsEncryptedDatabase_GeneratedProtectedKey_AndMigrationJournal" />
    </UnitTest>
    <UnitTest name="OpenBurnBar.App.Storage.Tests.WindowsStorageDevHostRuntimeTests.CorruptDatabase_ProducesDistinctRecoveryState_AndArchiveResetCreatesANewValidDatabase" storage="c:\a\burnbar\burnbar\windows\tests\storage\bin\debug\net10.0\openburnbar.app.storage.tests.dll" id="d6cfddba-995d-c50f-cb0a-ce89007820ac">
      <Execution id="c4e752b6-f45d-4776-8de0-385491284c6f" />
      <TestMethod codeBase="C:\a\BurnBar\BurnBar\windows\tests\storage\bin\Debug\net10.0\OpenBurnBar.App.Storage.Tests.dll" adapterTypeName="executor://xunit/VsTestRunner2/netcoreapp" className="OpenBurnBar.App.Storage.Tests.WindowsStorageDevHostRuntimeTests" name="CorruptDatabase_ProducesDistinctRecoveryState_AndArchiveResetCreatesANewValidDatabase" />
    </UnitTest>
    <UnitTest name="OpenBurnBar.App.Storage.Tests.ChatConversationStoreTests.ChatSurfaceViewModel_InitialLoadFailureShowsDegradedStateInsteadOfEmptyHistory" storage="c:\a\burnbar\burnbar\windows\tests\storage\bin\debug\net10.0\openburnbar.app.storage.tests.dll" id="5a7ebfbb-ac36-fae0-7db7-ea248307e288">
      <Execution id="8c5d8a6b-6f04-445a-85b0-5e39c6d289b3" />
      <TestMethod codeBase="C:\a\BurnBar\BurnBar\windows\tests\storage\bin\Debug\net10.0\OpenBurnBar.App.Storage.Tests.dll" adapterTypeName="executor://xunit/VsTestRunner2/netcoreapp" className="OpenBurnBar.App.Storage.Tests.ChatConversationStoreTests" name="ChatSurfaceViewModel_InitialLoadFailureShowsDegradedStateInsteadOfEmptyHistory" />
    </UnitTest>
    <UnitTest name="OpenBurnBar.App.Storage.Tests.WindowsStorageDevHostRuntimeTests.UnsupportedSchema_ProducesDistinctRecoveryState_WithoutDowngradingMarker" storage="c:\a\burnbar\burnbar\windows\tests\storage\bin\debug\net10.0\openburnbar.app.storage.tests.dll" id="a4267059-68d1-97f9-ef42-bb7a64334d41">
      <Execution id="b43d9f9f-57ac-49c3-af07-15ef40b9da69" />
      <TestMethod codeBase="C:\a\BurnBar\BurnBar\windows\tests\storage\bin\Debug\net10.0\OpenBurnBar.App.Storage.Tests.dll" adapterTypeName="executor://xunit/VsTestRunner2/netcoreapp" className="OpenBurnBar.App.Storage.Tests.WindowsStorageDevHostRuntimeTests" name="UnsupportedSchema_ProducesDistinctRecoveryState_WithoutDowngradingMarker" />
    </UnitTest>
    <UnitTest name="OpenBurnBar.App.Storage.Tests.ChatConversationStoreTests.UnavailableStore_LoadMostRecentThreadThrowsTypedFailure" storage="c:\a\burnbar\burnbar\windows\tests\storage\bin\debug\net10.0\openburnbar.app.storage.tests.dll" id="a1e1baa0-d758-4523-4d0f-14b40d86c457">
      <Execution id="b27dea10-1377-424c-a059-670f6b862669" />
      <TestMethod codeBase="C:\a\BurnBar\BurnBar\windows\tests\storage\bin\Debug\net10.0\OpenBurnBar.App.Storage.Tests.dll" adapterTypeName="executor://xunit/VsTestRunner2/netcoreapp" className="OpenBurnBar.App.Storage.Tests.ChatConversationStoreTests" name="UnavailableStore_LoadMostRecentThreadThrowsTypedFailure" />
    </UnitTest>
    <UnitTest name="OpenBurnBar.App.Storage.Tests.ChatConversationStoreTests.CleanProfile_ProvisionsChatHistoryTables" storage="c:\a\burnbar\burnbar\windows\tests\storage\bin\debug\net10.0\openburnbar.app.storage.tests.dll" id="f52105a7-5fc3-b631-d0d7-c9f89d66d3ab">
      <Execution id="9ed2a38b-0b82-4ec8-b1b3-0fca7dc1f223" />
      <TestMethod codeBase="C:\a\BurnBar\BurnBar\windows\tests\storage\bin\Debug\net10.0\OpenBurnBar.App.Storage.Tests.dll" adapterTypeName="executor://xunit/VsTestRunner2/netcoreapp" className="OpenBurnBar.App.Storage.Tests.ChatConversationStoreTests" name="CleanProfile_ProvisionsChatHistoryTables" />
    </UnitTest>
    <UnitTest name="OpenBurnBar.App.Storage.Tests.ChatConversationStoreTests.MessagesErrorsRetrievalAndAttachments_RoundTripEncryptedAcrossRestart" storage="c:\a\burnbar\burnbar\windows\tests\storage\bin\debug\net10.0\openburnbar.app.storage.tests.dll" id="85303307-daa7-8abe-6d9c-4f0aff47eab7">
      <Execution id="4d47045c-e47f-430f-abb5-94b2d9b15b40" />
      <TestMethod codeBase="C:\a\BurnBar\BurnBar\windows\tests\storage\bin\Debug\net10.0\OpenBurnBar.App.Storage.Tests.dll" adapterTypeName="executor://xunit/VsTestRunner2/netcoreapp" className="OpenBurnBar.App.Storage.Tests.ChatConversationStoreTests" name="MessagesErrorsRetrievalAndAttachments_RoundTripEncryptedAcrossRestart" />
    </UnitTest>
    <UnitTest name="OpenBurnBar.App.Storage.Tests.WindowsStorageDevHostRuntimeTests.PlaintextSqlCipherEnvironment_DoesNotOverrideInjectedProtectedConfiguration" storage="c:\a\burnbar\burnbar\windows\tests\storage\bin\debug\net10.0\openburnbar.app.storage.tests.dll" id="623b3e23-de27-26d8-9ce3-82ace88d7286">
      <Execution id="ca488481-9e1a-4d7c-ba3a-a82cce896ba1" />
      <TestMethod codeBase="C:\a\BurnBar\BurnBar\windows\tests\storage\bin\Debug\net10.0\OpenBurnBar.App.Storage.Tests.dll" adapterTypeName="executor://xunit/VsTestRunner2/netcoreapp" className="OpenBurnBar.App.Storage.Tests.WindowsStorageDevHostRuntimeTests" name="PlaintextSqlCipherEnvironment_DoesNotOverrideInjectedProtectedConfiguration" />
    </UnitTest>
    <UnitTest name="OpenBurnBar.App.Storage.Tests.ChatConversationStoreTests.ChatSurfaceViewModel_RestartRehydratesDurableThread" storage="c:\a\burnbar\burnbar\windows\tests\storage\bin\debug\net10.0\openburnbar.app.storage.tests.dll" id="71f252c9-bf4e-814c-a1de-916f4829a3ab">
      <Execution id="5dd2f9ce-c67c-4bad-9ca6-806dfa3a2d8f" />
      <TestMethod codeBase="C:\a\BurnBar\BurnBar\windows\tests\storage\bin\Debug\net10.0\OpenBurnBar.App.Storage.Tests.dll" adapterTypeName="executor://xunit/VsTestRunner2/netcoreapp" className="OpenBurnBar.App.Storage.Tests.ChatConversationStoreTests" name="ChatSurfaceViewModel_RestartRehydratesDurableThread" />
    </UnitTest>
    <UnitTest name="OpenBurnBar.App.Storage.Tests.WindowsStorageDevHostRuntimeTests.GeneratedDatabase_SupportsProductionWriteAndReadSeams" storage="c:\a\burnbar\burnbar\windows\tests\storage\bin\debug\net10.0\openburnbar.app.storage.tests.dll" id="8602149e-29c9-ebb4-1464-ee3915d3734b">
      <Execution id="5896a393-a077-425c-bd00-9e581ff0b1b4" />
      <TestMethod codeBase="C:\a\BurnBar\BurnBar\windows\tests\storage\bin\Debug\net10.0\OpenBurnBar.App.Storage.Tests.dll" adapterTypeName="executor://xunit/VsTestRunner2/netcoreapp" className="OpenBurnBar.App.Storage.Tests.WindowsStorageDevHostRuntimeTests" name="GeneratedDatabase_SupportsProductionWriteAndReadSeams" />
    </UnitTest>
  </TestDefinitions>
  <TestEntries>
    <TestEntry testId="7879056b-0618-5a19-ebad-f5ae3c0744ba" executionId="c9ce63c9-4054-4794-a2b4-e1bc312af299" testListId="8c84fa94-04c1-424b-9868-57a2d4851a1d" />
    <TestEntry testId="052ef505-10d8-cabd-3427-a066a704a9ec" executionId="98d1b50f-4dc0-443b-8fb5-333a459f5833" testListId="8c84fa94-04c1-424b-9868-57a2d4851a1d" />
    <TestEntry testId="d6cfddba-995d-c50f-cb0a-ce89007820ac" executionId="c4e752b6-f45d-4776-8de0-385491284c6f" testListId="8c84fa94-04c1-424b-9868-57a2d4851a1d" />
    <TestEntry testId="1b1c7b40-faa7-eea2-5062-2aa78b243d1f" executionId="c11dd740-8b87-4b91-a0e7-b3c61847db55" testListId="8c84fa94-04c1-424b-9868-57a2d4851a1d" />
    <TestEntry testId="f52105a7-5fc3-b631-d0d7-c9f89d66d3ab" executionId="9ed2a38b-0b82-4ec8-b1b3-0fca7dc1f223" testListId="8c84fa94-04c1-424b-9868-57a2d4851a1d" />
    <TestEntry testId="a1e1baa0-d758-4523-4d0f-14b40d86c457" executionId="b27dea10-1377-424c-a059-670f6b862669" testListId="8c84fa94-04c1-424b-9868-57a2d4851a1d" />
    <TestEntry testId="8602149e-29c9-ebb4-1464-ee3915d3734b" executionId="5896a393-a077-425c-bd00-9e581ff0b1b4" testListId="8c84fa94-04c1-424b-9868-57a2d4851a1d" />
    <TestEntry testId="e205c667-04f2-7b0f-aa98-4a26674cafaf" executionId="370389cb-d34e-4df6-bbde-989bd341a3a7" testListId="8c84fa94-04c1-424b-9868-57a2d4851a1d" />
    <TestEntry testId="71f252c9-bf4e-814c-a1de-916f4829a3ab" executionId="5dd2f9ce-c67c-4bad-9ca6-806dfa3a2d8f" testListId="8c84fa94-04c1-424b-9868-57a2d4851a1d" />
    <TestEntry testId="a4267059-68d1-97f9-ef42-bb7a64334d41" executionId="b43d9f9f-57ac-49c3-af07-15ef40b9da69" testListId="8c84fa94-04c1-424b-9868-57a2d4851a1d" />
    <TestEntry testId="623b3e23-de27-26d8-9ce3-82ace88d7286" executionId="ca488481-9e1a-4d7c-ba3a-a82cce896ba1" testListId="8c84fa94-04c1-424b-9868-57a2d4851a1d" />
    <TestEntry testId="85303307-daa7-8abe-6d9c-4f0aff47eab7" executionId="4d47045c-e47f-430f-abb5-94b2d9b15b40" testListId="8c84fa94-04c1-424b-9868-57a2d4851a1d" />
    <TestEntry testId="5a7ebfbb-ac36-fae0-7db7-ea248307e288" executionId="8c5d8a6b-6f04-445a-85b0-5e39c6d289b3" testListId="8c84fa94-04c1-424b-9868-57a2d4851a1d" />
    <TestEntry testId="7bdf53ea-aba4-d0e1-eecd-aef8da878532" executionId="5efe437d-97c3-4673-9c9a-bff409517f48" testListId="8c84fa94-04c1-424b-9868-57a2d4851a1d" />
    <TestEntry testId="71e962f5-5d84-8492-be46-cdf83a776fc6" executionId="ccb10e6c-9929-4095-a6ac-10002ab22f47" testListId="8c84fa94-04c1-424b-9868-57a2d4851a1d" />
    <TestEntry testId="0be4ecd2-c44a-f054-61ab-c579ed59fff1" executionId="e975d8f6-e3f8-4847-8700-f3e1ee4b6d0b" testListId="8c84fa94-04c1-424b-9868-57a2d4851a1d" />
    <TestEntry testId="003ed277-c614-1301-c41f-f5f8294be850" executionId="48585615-28e4-4298-95c6-4133c4f94839" testListId="8c84fa94-04c1-424b-9868-57a2d4851a1d" />
  </TestEntries>
  <TestLists>
    <TestList name="Results Not in a List" id="8c84fa94-04c1-424b-9868-57a2d4851a1d" />
    <TestList name="All Loaded Results" id="19431567-8539-422a-85d7-44ee4e166bda" />
  </TestLists>
  <ResultSummary outcome="Completed">
    <Counters total="17" executed="17" passed="17" failed="0" error="0" timeout="0" aborted="0" inconclusive="0" passedButRunAborted="0" notRunnable="0" notExecuted="0" disconnected="0" warning="0" completed="0" inProgress="0" pending="0" />
    <Output>
      <StdOut>[xUnit.net 00:00:00.00] xUnit.net VSTest Adapter v2.8.2+699d445a1a (64-bit .NET 10.0.9)&#xD;
[xUnit.net 00:00:00.08]   Discovering: OpenBurnBar.App.Storage.Tests&#xD;
[xUnit.net 00:00:00.16]   Discovered:  OpenBurnBar.App.Storage.Tests&#xD;
[xUnit.net 00:00:00.16]   Starting:    OpenBurnBar.App.Storage.Tests&#xD;
[xUnit.net 00:00:25.27]   Finished:    OpenBurnBar.App.Storage.Tests&#xD;
</StdOut>
    </Output>
  </ResultSummary>
</TestRun>