<?xml version="1.0" encoding="utf-8"?>
<TestRun id="dcc32595-3220-4c8e-ad8f-e8b1af75832f" name="runneradmin@runnervmuktm0 2026-07-10 02:55:53" runUser="runnervmuktm0\runneradmin" xmlns="http://microsoft.com/schemas/VisualStudio/TeamTest/2010">
  <Times creation="2026-07-10T02:55:53.6593800+00:00" queuing="2026-07-10T02:55:53.6593805+00:00" start="2026-07-10T02:55:49.5930602+00:00" finish="2026-07-10T02:56:18.2790366+00:00" />
  <TestSettings name="default" id="caed1c2d-abe5-4390-aa0f-3f121c1d60ad">
    <Deployment runDeploymentRoot="runneradmin_runnervmuktm0_2026-07-10_02_55_53" />
  </TestSettings>
  <Results>
    <UnitTestResult executionId="c96f29bf-85ea-4325-8212-a79568fcf6f7" testId="0be4ecd2-c44a-f054-61ab-c579ed59fff1" testName="OpenBurnBar.App.Storage.Tests.WindowsStorageDevHostRuntimeTests.CleanProfile_ProvisionsEncryptedDatabase_GeneratedProtectedKey_AndMigrationJournal" computerName="runnervmuktm0" duration="00:00:02.0612863" startTime="2026-07-10T02:56:00.4347198+00:00" endTime="2026-07-10T02:56:00.4347205+00:00" testType="13cdc9d9-ddb5-4fa4-a97d-d965ccfc6d4b" outcome="Passed" testListId="8c84fa94-04c1-424b-9868-57a2d4851a1d" relativeResultsDirectory="c96f29bf-85ea-4325-8212-a79568fcf6f7" />
    <UnitTestResult executionId="99c7e26b-bef8-4958-bdd2-e9778fa83453" testId="85303307-daa7-8abe-6d9c-4f0aff47eab7" testName="OpenBurnBar.App.Storage.Tests.ChatConversationStoreTests.MessagesErrorsRetrievalAndAttachments_RoundTripEncryptedAcrossRestart" computerName="runnervmuktm0" duration="00:00:04.3679359" startTime="2026-07-10T02:56:12.3191332+00:00" endTime="2026-07-10T02:56:12.3191336+00:00" testType="13cdc9d9-ddb5-4fa4-a97d-d965ccfc6d4b" outcome="Passed" testListId="8c84fa94-04c1-424b-9868-57a2d4851a1d" relativeResultsDirectory="99c7e26b-bef8-4958-bdd2-e9778fa83453" />
    <UnitTestResult executionId="2070fe7e-7422-4590-99fb-0ecc99c5e499" testId="e205c667-04f2-7b0f-aa98-4a26674cafaf" testName="OpenBurnBar.App.Storage.Tests.WindowsStorageDevHostRuntimeTests.CleanProfile_Restart_IsIdempotent_AndKeepsTheSameDatabaseAndKey" computerName="runnervmuktm0" duration="00:00:01.9258415" startTime="2026-07-10T02:55:55.5481069+00:00" endTime="2026-07-10T02:55:55.5481072+00:00" testType="13cdc9d9-ddb5-4fa4-a97d-d965ccfc6d4b" outcome="Passed" testListId="8c84fa94-04c1-424b-9868-57a2d4851a1d" relativeResultsDirectory="2070fe7e-7422-4590-99fb-0ecc99c5e499" />
    <UnitTestResult executionId="158b7c9e-125b-4618-870d-ae41f8c5bc91" testId="71e962f5-5d84-8492-be46-cdf83a776fc6" testName="OpenBurnBar.App.Storage.Tests.WindowsStorageDevHostRuntimeTests.InjectedHostFaults_ProduceDistinctRecoveryStates(fault: LockedFile, expected: LockedFile)" computerName="runnervmuktm0" duration="00:00:00.0082297" startTime="2026-07-10T02:55:55.5665929+00:00" endTime="2026-07-10T02:55:55.5665931+00:00" testType="13cdc9d9-ddb5-4fa4-a97d-d965ccfc6d4b" outcome="Passed" testListId="8c84fa94-04c1-424b-9868-57a2d4851a1d" relativeResultsDirectory="158b7c9e-125b-4618-870d-ae41f8c5bc91" />
    <UnitTestResult executionId="df886dd0-1c5a-4564-a13e-8f04e483787b" testId="623b3e23-de27-26d8-9ce3-82ace88d7286" testName="OpenBurnBar.App.Storage.Tests.WindowsStorageDevHostRuntimeTests.PlaintextSqlCipherEnvironment_DoesNotOverrideInjectedProtectedConfiguration" computerName="runnervmuktm0" duration="00:00:00.8294488" startTime="2026-07-10T02:55:58.3732264+00:00" endTime="2026-07-10T02:55:58.3732265+00:00" testType="13cdc9d9-ddb5-4fa4-a97d-d965ccfc6d4b" outcome="Passed" testListId="8c84fa94-04c1-424b-9868-57a2d4851a1d" relativeResultsDirectory="df886dd0-1c5a-4564-a13e-8f04e483787b" />
    <UnitTestResult executionId="a075dc8d-9236-4cc1-90e3-6f1e4772b4ad" testId="1b1c7b40-faa7-eea2-5062-2aa78b243d1f" testName="OpenBurnBar.App.Storage.Tests.WindowsStorageDevHostRuntimeTests.InjectedHostFaults_ProduceDistinctRecoveryStates(fault: AccessDenied, expected: AccessDenied)" computerName="runnervmuktm0" duration="00:00:00.0100219" startTime="2026-07-10T02:55:55.5582464+00:00" endTime="2026-07-10T02:55:55.5582466+00:00" testType="13cdc9d9-ddb5-4fa4-a97d-d965ccfc6d4b" outcome="Passed" testListId="8c84fa94-04c1-424b-9868-57a2d4851a1d" relativeResultsDirectory="a075dc8d-9236-4cc1-90e3-6f1e4772b4ad" />
    <UnitTestResult executionId="bd34a990-acdc-4f72-9276-57182b22120f" testId="8602149e-29c9-ebb4-1464-ee3915d3734b" testName="OpenBurnBar.App.Storage.Tests.WindowsStorageDevHostRuntimeTests.GeneratedDatabase_SupportsProductionWriteAndReadSeams" computerName="runnervmuktm0" duration="00:00:03.5037302" startTime="2026-07-10T02:56:03.9386630+00:00" endTime="2026-07-10T02:56:03.9386631+00:00" testType="13cdc9d9-ddb5-4fa4-a97d-d965ccfc6d4b" outcome="Passed" testListId="8c84fa94-04c1-424b-9868-57a2d4851a1d" relativeResultsDirectory="bd34a990-acdc-4f72-9276-57182b22120f" />
    <UnitTestResult executionId="95d1abaa-f203-41bc-b4aa-6aea845b4552" testId="a4267059-68d1-97f9-ef42-bb7a64334d41" testName="OpenBurnBar.App.Storage.Tests.WindowsStorageDevHostRuntimeTests.UnsupportedSchema_ProducesDistinctRecoveryState_WithoutDowngradingMarker" computerName="runnervmuktm0" duration="00:00:02.7823364" startTime="2026-07-10T02:56:07.9495332+00:00" endTime="2026-07-10T02:56:07.9495336+00:00" testType="13cdc9d9-ddb5-4fa4-a97d-d965ccfc6d4b" outcome="Passed" testListId="8c84fa94-04c1-424b-9868-57a2d4851a1d" relativeResultsDirectory="95d1abaa-f203-41bc-b4aa-6aea845b4552" />
    <UnitTestResult executionId="41dc2b89-c2ed-4ca5-974d-63bc351f17dc" testId="a1e1baa0-d758-4523-4d0f-14b40d86c457" testName="OpenBurnBar.App.Storage.Tests.ChatConversationStoreTests.UnavailableStore_LoadMostRecentThreadThrowsTypedFailure" computerName="runnervmuktm0" duration="00:00:00.0033005" startTime="2026-07-10T02:56:18.2141681+00:00" endTime="2026-07-10T02:56:18.2141683+00:00" testType="13cdc9d9-ddb5-4fa4-a97d-d965ccfc6d4b" outcome="Passed" testListId="8c84fa94-04c1-424b-9868-57a2d4851a1d" relativeResultsDirectory="41dc2b89-c2ed-4ca5-974d-63bc351f17dc" />
    <UnitTestResult executionId="1ade49a0-8418-402d-b718-7a1f6d29a8fa" testId="003ed277-c614-1301-c41f-f5f8294be850" testName="OpenBurnBar.App.Storage.Tests.WindowsStorageDevHostRuntimeTests.InjectedHostFaults_ProduceDistinctRecoveryStates(fault: FullDisk, expected: FullDisk)" computerName="runnervmuktm0" duration="00:00:00.0075143" startTime="2026-07-10T02:55:55.5742322+00:00" endTime="2026-07-10T02:55:55.5742325+00:00" testType="13cdc9d9-ddb5-4fa4-a97d-d965ccfc6d4b" outcome="Passed" testListId="8c84fa94-04c1-424b-9868-57a2d4851a1d" relativeResultsDirectory="1ade49a0-8418-402d-b718-7a1f6d29a8fa" />
    <UnitTestResult executionId="f550e4d5-fe7e-49dc-b989-f8ae6c2c8c57" testId="5a7ebfbb-ac36-fae0-7db7-ea248307e288" testName="OpenBurnBar.App.Storage.Tests.ChatConversationStoreTests.ChatSurfaceViewModel_InitialLoadFailureShowsDegradedStateInsteadOfEmptyHistory" computerName="runnervmuktm0" duration="00:00:00.0016259" startTime="2026-07-10T02:56:18.2158884+00:00" endTime="2026-07-10T02:56:18.2158885+00:00" testType="13cdc9d9-ddb5-4fa4-a97d-d965ccfc6d4b" outcome="Passed" testListId="8c84fa94-04c1-424b-9868-57a2d4851a1d" relativeResultsDirectory="f550e4d5-fe7e-49dc-b989-f8ae6c2c8c57" />
    <UnitTestResult executionId="db8c277c-69f5-453c-8938-e1e0ad349aef" testId="7bdf53ea-aba4-d0e1-eecd-aef8da878532" testName="OpenBurnBar.App.Storage.Tests.ChatConversationStoreTests.AttachmentStager_ImportsPasteDropReferencesAndMarksMissingFiles" computerName="runnervmuktm0" duration="00:00:00.0139551" startTime="2026-07-10T02:56:18.2107445+00:00" endTime="2026-07-10T02:56:18.2107447+00:00" testType="13cdc9d9-ddb5-4fa4-a97d-d965ccfc6d4b" outcome="Passed" testListId="8c84fa94-04c1-424b-9868-57a2d4851a1d" relativeResultsDirectory="db8c277c-69f5-453c-8938-e1e0ad349aef" />
    <UnitTestResult executionId="4cb61dcd-7e4f-469b-a60c-0d488280fa21" testId="f52105a7-5fc3-b631-d0d7-c9f89d66d3ab" testName="OpenBurnBar.App.Storage.Tests.ChatConversationStoreTests.CleanProfile_ProvisionsChatHistoryTables" computerName="runnervmuktm0" duration="00:00:01.6872744" startTime="2026-07-10T02:56:14.0065771+00:00" endTime="2026-07-10T02:56:14.0065779+00:00" testType="13cdc9d9-ddb5-4fa4-a97d-d965ccfc6d4b" outcome="Passed" testListId="8c84fa94-04c1-424b-9868-57a2d4851a1d" relativeResultsDirectory="4cb61dcd-7e4f-469b-a60c-0d488280fa21" />
    <UnitTestResult executionId="0daa8224-7ec8-42aa-8b5f-acd65d911a8a" testId="7879056b-0618-5a19-ebad-f5ae3c0744ba" testName="OpenBurnBar.App.Storage.Tests.WindowsStorageDevHostRuntimeTests.WrongKey_ProducesDistinctRecoveryState_WithRetryArchiveResetAndRevealLog" computerName="runnervmuktm0" duration="00:00:01.9692210" startTime="2026-07-10T02:55:57.5435816+00:00" endTime="2026-07-10T02:55:57.5435817+00:00" testType="13cdc9d9-ddb5-4fa4-a97d-d965ccfc6d4b" outcome="Passed" testListId="8c84fa94-04c1-424b-9868-57a2d4851a1d" relativeResultsDirectory="0daa8224-7ec8-42aa-8b5f-acd65d911a8a" />
    <UnitTestResult executionId="2c513806-f5e4-4851-bad3-f81a0632ba9b" testId="d6cfddba-995d-c50f-cb0a-ce89007820ac" testName="OpenBurnBar.App.Storage.Tests.WindowsStorageDevHostRuntimeTests.CorruptDatabase_ProducesDistinctRecoveryState_AndArchiveResetCreatesANewValidDatabase" computerName="runnervmuktm0" duration="00:00:03.0414531" startTime="2026-07-10T02:55:53.6225667+00:00" endTime="2026-07-10T02:55:53.6226431+00:00" testType="13cdc9d9-ddb5-4fa4-a97d-d965ccfc6d4b" outcome="Passed" testListId="8c84fa94-04c1-424b-9868-57a2d4851a1d" relativeResultsDirectory="2c513806-f5e4-4851-bad3-f81a0632ba9b" />
    <UnitTestResult executionId="a6c101de-fc56-4cb4-be8f-c445bcd8eb97" testId="71f252c9-bf4e-814c-a1de-916f4829a3ab" testName="OpenBurnBar.App.Storage.Tests.ChatConversationStoreTests.ChatSurfaceViewModel_RestartRehydratesDurableThread" computerName="runnervmuktm0" duration="00:00:04.1897894" startTime="2026-07-10T02:56:18.1965870+00:00" endTime="2026-07-10T02:56:18.1965873+00:00" testType="13cdc9d9-ddb5-4fa4-a97d-d965ccfc6d4b" outcome="Passed" testListId="8c84fa94-04c1-424b-9868-57a2d4851a1d" relativeResultsDirectory="a6c101de-fc56-4cb4-be8f-c445bcd8eb97" />
    <UnitTestResult executionId="b2caae89-9df2-4553-839b-fc2937058598" testId="052ef505-10d8-cabd-3427-a066a704a9ec" testName="OpenBurnBar.App.Storage.Tests.WindowsStorageDevHostRuntimeTests.InterruptedMigration_StaysRecoveryUntilExplicitRetry" computerName="runnervmuktm0" duration="00:00:01.2280571" startTime="2026-07-10T02:56:05.1669329+00:00" endTime="2026-07-10T02:56:05.1669330+00:00" testType="13cdc9d9-ddb5-4fa4-a97d-d965ccfc6d4b" outcome="Passed" testListId="8c84fa94-04c1-424b-9868-57a2d4851a1d" relativeResultsDirectory="b2caae89-9df2-4553-839b-fc2937058598" />
  </Results>
  <TestDefinitions>
    <UnitTest name="OpenBurnBar.App.Storage.Tests.WindowsStorageDevHostRuntimeTests.CleanProfile_Restart_IsIdempotent_AndKeepsTheSameDatabaseAndKey" storage="d:\a\burnbar\burnbar\windows\tests\storage\bin\debug\net10.0\openburnbar.app.storage.tests.dll" id="e205c667-04f2-7b0f-aa98-4a26674cafaf">
      <Execution id="2070fe7e-7422-4590-99fb-0ecc99c5e499" />
      <TestMethod codeBase="D:\a\BurnBar\BurnBar\windows\tests\storage\bin\Debug\net10.0\OpenBurnBar.App.Storage.Tests.dll" adapterTypeName="executor://xunit/VsTestRunner2/netcoreapp" className="OpenBurnBar.App.Storage.Tests.WindowsStorageDevHostRuntimeTests" name="CleanProfile_Restart_IsIdempotent_AndKeepsTheSameDatabaseAndKey" />
    </UnitTest>
    <UnitTest name="OpenBurnBar.App.Storage.Tests.WindowsStorageDevHostRuntimeTests.InjectedHostFaults_ProduceDistinctRecoveryStates(fault: LockedFile, expected: LockedFile)" storage="d:\a\burnbar\burnbar\windows\tests\storage\bin\debug\net10.0\openburnbar.app.storage.tests.dll" id="71e962f5-5d84-8492-be46-cdf83a776fc6">
      <Execution id="158b7c9e-125b-4618-870d-ae41f8c5bc91" />
      <TestMethod codeBase="D:\a\BurnBar\BurnBar\windows\tests\storage\bin\Debug\net10.0\OpenBurnBar.App.Storage.Tests.dll" adapterTypeName="executor://xunit/VsTestRunner2/netcoreapp" className="OpenBurnBar.App.Storage.Tests.WindowsStorageDevHostRuntimeTests" name="InjectedHostFaults_ProduceDistinctRecoveryStates" />
    </UnitTest>
    <UnitTest name="OpenBurnBar.App.Storage.Tests.WindowsStorageDevHostRuntimeTests.InterruptedMigration_StaysRecoveryUntilExplicitRetry" storage="d:\a\burnbar\burnbar\windows\tests\storage\bin\debug\net10.0\openburnbar.app.storage.tests.dll" id="052ef505-10d8-cabd-3427-a066a704a9ec">
      <Execution id="b2caae89-9df2-4553-839b-fc2937058598" />
      <TestMethod codeBase="D:\a\BurnBar\BurnBar\windows\tests\storage\bin\Debug\net10.0\OpenBurnBar.App.Storage.Tests.dll" adapterTypeName="executor://xunit/VsTestRunner2/netcoreapp" className="OpenBurnBar.App.Storage.Tests.WindowsStorageDevHostRuntimeTests" name="InterruptedMigration_StaysRecoveryUntilExplicitRetry" />
    </UnitTest>
    <UnitTest name="OpenBurnBar.App.Storage.Tests.WindowsStorageDevHostRuntimeTests.WrongKey_ProducesDistinctRecoveryState_WithRetryArchiveResetAndRevealLog" storage="d:\a\burnbar\burnbar\windows\tests\storage\bin\debug\net10.0\openburnbar.app.storage.tests.dll" id="7879056b-0618-5a19-ebad-f5ae3c0744ba">
      <Execution id="0daa8224-7ec8-42aa-8b5f-acd65d911a8a" />
      <TestMethod codeBase="D:\a\BurnBar\BurnBar\windows\tests\storage\bin\Debug\net10.0\OpenBurnBar.App.Storage.Tests.dll" adapterTypeName="executor://xunit/VsTestRunner2/netcoreapp" className="OpenBurnBar.App.Storage.Tests.WindowsStorageDevHostRuntimeTests" name="WrongKey_ProducesDistinctRecoveryState_WithRetryArchiveResetAndRevealLog" />
    </UnitTest>
    <UnitTest name="OpenBurnBar.App.Storage.Tests.ChatConversationStoreTests.AttachmentStager_ImportsPasteDropReferencesAndMarksMissingFiles" storage="d:\a\burnbar\burnbar\windows\tests\storage\bin\debug\net10.0\openburnbar.app.storage.tests.dll" id="7bdf53ea-aba4-d0e1-eecd-aef8da878532">
      <Execution id="db8c277c-69f5-453c-8938-e1e0ad349aef" />
      <TestMethod codeBase="D:\a\BurnBar\BurnBar\windows\tests\storage\bin\Debug\net10.0\OpenBurnBar.App.Storage.Tests.dll" adapterTypeName="executor://xunit/VsTestRunner2/netcoreapp" className="OpenBurnBar.App.Storage.Tests.ChatConversationStoreTests" name="AttachmentStager_ImportsPasteDropReferencesAndMarksMissingFiles" />
    </UnitTest>
    <UnitTest name="OpenBurnBar.App.Storage.Tests.WindowsStorageDevHostRuntimeTests.InjectedHostFaults_ProduceDistinctRecoveryStates(fault: AccessDenied, expected: AccessDenied)" storage="d:\a\burnbar\burnbar\windows\tests\storage\bin\debug\net10.0\openburnbar.app.storage.tests.dll" id="1b1c7b40-faa7-eea2-5062-2aa78b243d1f">
      <Execution id="a075dc8d-9236-4cc1-90e3-6f1e4772b4ad" />
      <TestMethod codeBase="D:\a\BurnBar\BurnBar\windows\tests\storage\bin\Debug\net10.0\OpenBurnBar.App.Storage.Tests.dll" adapterTypeName="executor://xunit/VsTestRunner2/netcoreapp" className="OpenBurnBar.App.Storage.Tests.WindowsStorageDevHostRuntimeTests" name="InjectedHostFaults_ProduceDistinctRecoveryStates" />
    </UnitTest>
    <UnitTest name="OpenBurnBar.App.Storage.Tests.WindowsStorageDevHostRuntimeTests.InjectedHostFaults_ProduceDistinctRecoveryStates(fault: FullDisk, expected: FullDisk)" storage="d:\a\burnbar\burnbar\windows\tests\storage\bin\debug\net10.0\openburnbar.app.storage.tests.dll" id="003ed277-c614-1301-c41f-f5f8294be850">
      <Execution id="1ade49a0-8418-402d-b718-7a1f6d29a8fa" />
      <TestMethod codeBase="D:\a\BurnBar\BurnBar\windows\tests\storage\bin\Debug\net10.0\OpenBurnBar.App.Storage.Tests.dll" adapterTypeName="executor://xunit/VsTestRunner2/netcoreapp" className="OpenBurnBar.App.Storage.Tests.WindowsStorageDevHostRuntimeTests" name="InjectedHostFaults_ProduceDistinctRecoveryStates" />
    </UnitTest>
    <UnitTest name="OpenBurnBar.App.Storage.Tests.WindowsStorageDevHostRuntimeTests.CleanProfile_ProvisionsEncryptedDatabase_GeneratedProtectedKey_AndMigrationJournal" storage="d:\a\burnbar\burnbar\windows\tests\storage\bin\debug\net10.0\openburnbar.app.storage.tests.dll" id="0be4ecd2-c44a-f054-61ab-c579ed59fff1">
      <Execution id="c96f29bf-85ea-4325-8212-a79568fcf6f7" />
      <TestMethod codeBase="D:\a\BurnBar\BurnBar\windows\tests\storage\bin\Debug\net10.0\OpenBurnBar.App.Storage.Tests.dll" adapterTypeName="executor://xunit/VsTestRunner2/netcoreapp" className="OpenBurnBar.App.Storage.Tests.WindowsStorageDevHostRuntimeTests" name="CleanProfile_ProvisionsEncryptedDatabase_GeneratedProtectedKey_AndMigrationJournal" />
    </UnitTest>
    <UnitTest name="OpenBurnBar.App.Storage.Tests.WindowsStorageDevHostRuntimeTests.CorruptDatabase_ProducesDistinctRecoveryState_AndArchiveResetCreatesANewValidDatabase" storage="d:\a\burnbar\burnbar\windows\tests\storage\bin\debug\net10.0\openburnbar.app.storage.tests.dll" id="d6cfddba-995d-c50f-cb0a-ce89007820ac">
      <Execution id="2c513806-f5e4-4851-bad3-f81a0632ba9b" />
      <TestMethod codeBase="D:\a\BurnBar\BurnBar\windows\tests\storage\bin\Debug\net10.0\OpenBurnBar.App.Storage.Tests.dll" adapterTypeName="executor://xunit/VsTestRunner2/netcoreapp" className="OpenBurnBar.App.Storage.Tests.WindowsStorageDevHostRuntimeTests" name="CorruptDatabase_ProducesDistinctRecoveryState_AndArchiveResetCreatesANewValidDatabase" />
    </UnitTest>
    <UnitTest name="OpenBurnBar.App.Storage.Tests.ChatConversationStoreTests.ChatSurfaceViewModel_InitialLoadFailureShowsDegradedStateInsteadOfEmptyHistory" storage="d:\a\burnbar\burnbar\windows\tests\storage\bin\debug\net10.0\openburnbar.app.storage.tests.dll" id="5a7ebfbb-ac36-fae0-7db7-ea248307e288">
      <Execution id="f550e4d5-fe7e-49dc-b989-f8ae6c2c8c57" />
      <TestMethod codeBase="D:\a\BurnBar\BurnBar\windows\tests\storage\bin\Debug\net10.0\OpenBurnBar.App.Storage.Tests.dll" adapterTypeName="executor://xunit/VsTestRunner2/netcoreapp" className="OpenBurnBar.App.Storage.Tests.ChatConversationStoreTests" name="ChatSurfaceViewModel_InitialLoadFailureShowsDegradedStateInsteadOfEmptyHistory" />
    </UnitTest>
    <UnitTest name="OpenBurnBar.App.Storage.Tests.WindowsStorageDevHostRuntimeTests.UnsupportedSchema_ProducesDistinctRecoveryState_WithoutDowngradingMarker" storage="d:\a\burnbar\burnbar\windows\tests\storage\bin\debug\net10.0\openburnbar.app.storage.tests.dll" id="a4267059-68d1-97f9-ef42-bb7a64334d41">
      <Execution id="95d1abaa-f203-41bc-b4aa-6aea845b4552" />
      <TestMethod codeBase="D:\a\BurnBar\BurnBar\windows\tests\storage\bin\Debug\net10.0\OpenBurnBar.App.Storage.Tests.dll" adapterTypeName="executor://xunit/VsTestRunner2/netcoreapp" className="OpenBurnBar.App.Storage.Tests.WindowsStorageDevHostRuntimeTests" name="UnsupportedSchema_ProducesDistinctRecoveryState_WithoutDowngradingMarker" />
    </UnitTest>
    <UnitTest name="OpenBurnBar.App.Storage.Tests.ChatConversationStoreTests.UnavailableStore_LoadMostRecentThreadThrowsTypedFailure" storage="d:\a\burnbar\burnbar\windows\tests\storage\bin\debug\net10.0\openburnbar.app.storage.tests.dll" id="a1e1baa0-d758-4523-4d0f-14b40d86c457">
      <Execution id="41dc2b89-c2ed-4ca5-974d-63bc351f17dc" />
      <TestMethod codeBase="D:\a\BurnBar\BurnBar\windows\tests\storage\bin\Debug\net10.0\OpenBurnBar.App.Storage.Tests.dll" adapterTypeName="executor://xunit/VsTestRunner2/netcoreapp" className="OpenBurnBar.App.Storage.Tests.ChatConversationStoreTests" name="UnavailableStore_LoadMostRecentThreadThrowsTypedFailure" />
    </UnitTest>
    <UnitTest name="OpenBurnBar.App.Storage.Tests.ChatConversationStoreTests.CleanProfile_ProvisionsChatHistoryTables" storage="d:\a\burnbar\burnbar\windows\tests\storage\bin\debug\net10.0\openburnbar.app.storage.tests.dll" id="f52105a7-5fc3-b631-d0d7-c9f89d66d3ab">
      <Execution id="4cb61dcd-7e4f-469b-a60c-0d488280fa21" />
      <TestMethod codeBase="D:\a\BurnBar\BurnBar\windows\tests\storage\bin\Debug\net10.0\OpenBurnBar.App.Storage.Tests.dll" adapterTypeName="executor://xunit/VsTestRunner2/netcoreapp" className="OpenBurnBar.App.Storage.Tests.ChatConversationStoreTests" name="CleanProfile_ProvisionsChatHistoryTables" />
    </UnitTest>
    <UnitTest name="OpenBurnBar.App.Storage.Tests.ChatConversationStoreTests.MessagesErrorsRetrievalAndAttachments_RoundTripEncryptedAcrossRestart" storage="d:\a\burnbar\burnbar\windows\tests\storage\bin\debug\net10.0\openburnbar.app.storage.tests.dll" id="85303307-daa7-8abe-6d9c-4f0aff47eab7">
      <Execution id="99c7e26b-bef8-4958-bdd2-e9778fa83453" />
      <TestMethod codeBase="D:\a\BurnBar\BurnBar\windows\tests\storage\bin\Debug\net10.0\OpenBurnBar.App.Storage.Tests.dll" adapterTypeName="executor://xunit/VsTestRunner2/netcoreapp" className="OpenBurnBar.App.Storage.Tests.ChatConversationStoreTests" name="MessagesErrorsRetrievalAndAttachments_RoundTripEncryptedAcrossRestart" />
    </UnitTest>
    <UnitTest name="OpenBurnBar.App.Storage.Tests.WindowsStorageDevHostRuntimeTests.PlaintextSqlCipherEnvironment_DoesNotOverrideInjectedProtectedConfiguration" storage="d:\a\burnbar\burnbar\windows\tests\storage\bin\debug\net10.0\openburnbar.app.storage.tests.dll" id="623b3e23-de27-26d8-9ce3-82ace88d7286">
      <Execution id="df886dd0-1c5a-4564-a13e-8f04e483787b" />
      <TestMethod codeBase="D:\a\BurnBar\BurnBar\windows\tests\storage\bin\Debug\net10.0\OpenBurnBar.App.Storage.Tests.dll" adapterTypeName="executor://xunit/VsTestRunner2/netcoreapp" className="OpenBurnBar.App.Storage.Tests.WindowsStorageDevHostRuntimeTests" name="PlaintextSqlCipherEnvironment_DoesNotOverrideInjectedProtectedConfiguration" />
    </UnitTest>
    <UnitTest name="OpenBurnBar.App.Storage.Tests.ChatConversationStoreTests.ChatSurfaceViewModel_RestartRehydratesDurableThread" storage="d:\a\burnbar\burnbar\windows\tests\storage\bin\debug\net10.0\openburnbar.app.storage.tests.dll" id="71f252c9-bf4e-814c-a1de-916f4829a3ab">
      <Execution id="a6c101de-fc56-4cb4-be8f-c445bcd8eb97" />
      <TestMethod codeBase="D:\a\BurnBar\BurnBar\windows\tests\storage\bin\Debug\net10.0\OpenBurnBar.App.Storage.Tests.dll" adapterTypeName="executor://xunit/VsTestRunner2/netcoreapp" className="OpenBurnBar.App.Storage.Tests.ChatConversationStoreTests" name="ChatSurfaceViewModel_RestartRehydratesDurableThread" />
    </UnitTest>
    <UnitTest name="OpenBurnBar.App.Storage.Tests.WindowsStorageDevHostRuntimeTests.GeneratedDatabase_SupportsProductionWriteAndReadSeams" storage="d:\a\burnbar\burnbar\windows\tests\storage\bin\debug\net10.0\openburnbar.app.storage.tests.dll" id="8602149e-29c9-ebb4-1464-ee3915d3734b">
      <Execution id="bd34a990-acdc-4f72-9276-57182b22120f" />
      <TestMethod codeBase="D:\a\BurnBar\BurnBar\windows\tests\storage\bin\Debug\net10.0\OpenBurnBar.App.Storage.Tests.dll" adapterTypeName="executor://xunit/VsTestRunner2/netcoreapp" className="OpenBurnBar.App.Storage.Tests.WindowsStorageDevHostRuntimeTests" name="GeneratedDatabase_SupportsProductionWriteAndReadSeams" />
    </UnitTest>
  </TestDefinitions>
  <TestEntries>
    <TestEntry testId="0be4ecd2-c44a-f054-61ab-c579ed59fff1" executionId="c96f29bf-85ea-4325-8212-a79568fcf6f7" testListId="8c84fa94-04c1-424b-9868-57a2d4851a1d" />
    <TestEntry testId="85303307-daa7-8abe-6d9c-4f0aff47eab7" executionId="99c7e26b-bef8-4958-bdd2-e9778fa83453" testListId="8c84fa94-04c1-424b-9868-57a2d4851a1d" />
    <TestEntry testId="e205c667-04f2-7b0f-aa98-4a26674cafaf" executionId="2070fe7e-7422-4590-99fb-0ecc99c5e499" testListId="8c84fa94-04c1-424b-9868-57a2d4851a1d" />
    <TestEntry testId="71e962f5-5d84-8492-be46-cdf83a776fc6" executionId="158b7c9e-125b-4618-870d-ae41f8c5bc91" testListId="8c84fa94-04c1-424b-9868-57a2d4851a1d" />
    <TestEntry testId="623b3e23-de27-26d8-9ce3-82ace88d7286" executionId="df886dd0-1c5a-4564-a13e-8f04e483787b" testListId="8c84fa94-04c1-424b-9868-57a2d4851a1d" />
    <TestEntry testId="1b1c7b40-faa7-eea2-5062-2aa78b243d1f" executionId="a075dc8d-9236-4cc1-90e3-6f1e4772b4ad" testListId="8c84fa94-04c1-424b-9868-57a2d4851a1d" />
    <TestEntry testId="8602149e-29c9-ebb4-1464-ee3915d3734b" executionId="bd34a990-acdc-4f72-9276-57182b22120f" testListId="8c84fa94-04c1-424b-9868-57a2d4851a1d" />
    <TestEntry testId="a4267059-68d1-97f9-ef42-bb7a64334d41" executionId="95d1abaa-f203-41bc-b4aa-6aea845b4552" testListId="8c84fa94-04c1-424b-9868-57a2d4851a1d" />
    <TestEntry testId="a1e1baa0-d758-4523-4d0f-14b40d86c457" executionId="41dc2b89-c2ed-4ca5-974d-63bc351f17dc" testListId="8c84fa94-04c1-424b-9868-57a2d4851a1d" />
    <TestEntry testId="003ed277-c614-1301-c41f-f5f8294be850" executionId="1ade49a0-8418-402d-b718-7a1f6d29a8fa" testListId="8c84fa94-04c1-424b-9868-57a2d4851a1d" />
    <TestEntry testId="5a7ebfbb-ac36-fae0-7db7-ea248307e288" executionId="f550e4d5-fe7e-49dc-b989-f8ae6c2c8c57" testListId="8c84fa94-04c1-424b-9868-57a2d4851a1d" />
    <TestEntry testId="7bdf53ea-aba4-d0e1-eecd-aef8da878532" executionId="db8c277c-69f5-453c-8938-e1e0ad349aef" testListId="8c84fa94-04c1-424b-9868-57a2d4851a1d" />
    <TestEntry testId="f52105a7-5fc3-b631-d0d7-c9f89d66d3ab" executionId="4cb61dcd-7e4f-469b-a60c-0d488280fa21" testListId="8c84fa94-04c1-424b-9868-57a2d4851a1d" />
    <TestEntry testId="7879056b-0618-5a19-ebad-f5ae3c0744ba" executionId="0daa8224-7ec8-42aa-8b5f-acd65d911a8a" testListId="8c84fa94-04c1-424b-9868-57a2d4851a1d" />
    <TestEntry testId="d6cfddba-995d-c50f-cb0a-ce89007820ac" executionId="2c513806-f5e4-4851-bad3-f81a0632ba9b" testListId="8c84fa94-04c1-424b-9868-57a2d4851a1d" />
    <TestEntry testId="71f252c9-bf4e-814c-a1de-916f4829a3ab" executionId="a6c101de-fc56-4cb4-be8f-c445bcd8eb97" testListId="8c84fa94-04c1-424b-9868-57a2d4851a1d" />
    <TestEntry testId="052ef505-10d8-cabd-3427-a066a704a9ec" executionId="b2caae89-9df2-4553-839b-fc2937058598" testListId="8c84fa94-04c1-424b-9868-57a2d4851a1d" />
  </TestEntries>
  <TestLists>
    <TestList name="Results Not in a List" id="8c84fa94-04c1-424b-9868-57a2d4851a1d" />
    <TestList name="All Loaded Results" id="19431567-8539-422a-85d7-44ee4e166bda" />
  </TestLists>
  <ResultSummary outcome="Completed">
    <Counters total="17" executed="17" passed="17" failed="0" error="0" timeout="0" aborted="0" inconclusive="0" passedButRunAborted="0" notRunnable="0" notExecuted="0" disconnected="0" warning="0" completed="0" inProgress="0" pending="0" />
    <Output>
      <StdOut>[xUnit.net 00:00:00.00] xUnit.net VSTest Adapter v2.8.2+699d445a1a (64-bit .NET 10.0.9)&#xD;
[xUnit.net 00:00:00.13]   Discovering: OpenBurnBar.App.Storage.Tests&#xD;
[xUnit.net 00:00:00.22]   Discovered:  OpenBurnBar.App.Storage.Tests&#xD;
[xUnit.net 00:00:00.22]   Starting:    OpenBurnBar.App.Storage.Tests&#xD;
[xUnit.net 00:00:27.94]   Finished:    OpenBurnBar.App.Storage.Tests&#xD;
</StdOut>
    </Output>
  </ResultSummary>
</TestRun>